This file contains any messages produced by compilers while
running configure, to aid debugging if configure makes a mistake.

It was created by rnnoise configure unknown, which was
generated by GNU Autoconf 2.68.  Invocation command line was

  $ ./configure 

## --------- ##
## Platform. ##
## --------- ##

hostname = DESKTOP-CD1BC91
uname -m = i686
uname -r = 1.0.19(0.48/3/2)
uname -s = MINGW32_NT-6.2
uname -v = 2016-07-13 17:45

/usr/bin/uname -p = unknown
/bin/uname -X     = unknown

/bin/arch              = unknown
/usr/bin/arch -k       = unknown
/usr/convex/getsysinfo = unknown
/usr/bin/hostinfo      = unknown
/bin/machine           = unknown
/usr/bin/oslevel       = unknown
/bin/universe          = unknown

PATH: .
PATH: /usr/local/bin
PATH: /mingw/bin
PATH: /bin
PATH: /c/Windows/system32
PATH: /c/Windows
PATH: /c/Windows/System32/Wbem
PATH: /c/Windows/System32/WindowsPowerShell/v1.0/
PATH: /c/Windows/System32/OpenSSH/
PATH: /c/Program Files (x86)/NVIDIA Corporation/PhysX/Common
PATH: /c/Program Files/NVIDIA Corporation/NVIDIA NvDLISR
PATH: /c/Users/videoconferencia/AppData/Local/Microsoft/WindowsApps
PATH: .


## ----------- ##
## Core tests. ##
## ----------- ##

configure:2260: checking for gcc
configure:2276: found /mingw/bin/gcc
configure:2287: result: gcc
configure:2516: checking for C compiler version
configure:2525: gcc --version >&5
gcc.exe (MinGW.org GCC-6.3.0-1) 6.3.0
Copyright (C) 2016 Free Software Foundation, Inc.
This is free software; see the source for copying conditions.  There is NO
warranty; not even for MERCHANTABILITY or FITNESS FOR A PARTICULAR PURPOSE.

configure:2536: $? = 0
configure:2525: gcc -v >&5
Using built-in specs.
COLLECT_GCC=E:\MinGW\bin\gcc.exe
COLLECT_LTO_WRAPPER=e:/mingw/bin/../libexec/gcc/mingw32/6.3.0/lto-wrapper.exe
Target: mingw32
Configured with: ../src/gcc-6.3.0/configure --build=x86_64-pc-linux-gnu --host=mingw32 --target=mingw32 --with-gmp=/mingw --with-mpfr --with-mpc=/mingw --with-isl=/mingw --prefix=/mingw --disable-win32-registry --with-arch=i586 --with-tune=generic --enable-languages=c,c++,objc,obj-c++,fortran,ada --with-pkgversion='MinGW.org GCC-6.3.0-1' --enable-static --enable-shared --enable-threads --with-dwarf2 --disable-sjlj-exceptions --enable-version-specific-runtime-libs --with-libiconv-prefix=/mingw --with-libintl-prefix=/mingw --enable-libstdcxx-debug --enable-libgomp --disable-libvtv --enable-nls
Thread model: win32
gcc version 6.3.0 (MinGW.org GCC-6.3.0-1) 
configure:2536: $? = 0
configure:2525: gcc -V >&5
gcc.exe: error: unrecognized command line option '-V'
gcc.exe: fatal error: no input files
compilation terminated.
configure:2536: $? = 1
configure:2525: gcc -qversion >&5
gcc.exe: error: unrecognized command line option '-qversion'; did you mean '--version'?
gcc.exe: fatal error: no input files
compilation terminated.
configure:2536: $? = 1
configure:2556: checking whether the C compiler works
configure:2578: gcc    conftest.c  >&5
configure:2582: $? = 0
configure:2630: result: yes
configure:2633: checking for C compiler default output file name
configure:2635: result: a.exe
configure:2641: checking for suffix of executables
configure:2648: gcc -o conftest.exe    conftest.c  >&5
configure:2652: $? = 0
configure:2674: result: .exe
configure:2696: checking whether we are cross compiling
configure:2704: gcc -o conftest.exe    conftest.c  >&5
configure:2708: $? = 0
configure:2715: ./conftest.exe
configure:2719: $? = 0
configure:2734: result: no
configure:2739: checking for suffix of object files
configure:2761: gcc -c   conftest.c >&5
configure:2765: $? = 0
configure:2786: result: o
configure:2790: checking whether we are using the GNU C compiler
configure:2809: gcc -c   conftest.c >&5
configure:2809: $? = 0
configure:2818: result: yes
configure:2827: checking whether gcc accepts -g
configure:2847: gcc -c -g  conftest.c >&5
configure:2847: $? = 0
configure:2888: result: yes
configure:2905: checking for gcc option to accept ISO C89
configure:2969: gcc  -c -g -O2  conftest.c >&5
configure:2969: $? = 0
configure:2982: result: none needed
configure:3008: checking how to run the C preprocessor
configure:3039: gcc -E  conftest.c
configure:3039: $? = 0
configure:3053: gcc -E  conftest.c
conftest.c:9:28: fatal error: ac_nonexistent.h: No such file or directory
 #include <ac_nonexistent.h>
                            ^
compilation terminated.
configure:3053: $? = 1
configure: failed program was:
| /* confdefs.h */
| #define PACKAGE_NAME "rnnoise"
| #define PACKAGE_TARNAME "rnnoise"
| #define PACKAGE_VERSION "unknown"
| #define PACKAGE_STRING "rnnoise unknown"
| #define PACKAGE_BUGREPORT "jmvalin@jmvalin.ca"
| #define PACKAGE_URL ""
| /* end confdefs.h.  */
| #include <ac_nonexistent.h>
configure:3078: result: gcc -E
configure:3098: gcc -E  conftest.c
configure:3098: $? = 0
configure:3112: gcc -E  conftest.c
conftest.c:9:28: fatal error: ac_nonexistent.h: No such file or directory
 #include <ac_nonexistent.h>
                            ^
compilation terminated.
configure:3112: $? = 1
configure: failed program was:
| /* confdefs.h */
| #define PACKAGE_NAME "rnnoise"
| #define PACKAGE_TARNAME "rnnoise"
| #define PACKAGE_VERSION "unknown"
| #define PACKAGE_STRING "rnnoise unknown"
| #define PACKAGE_BUGREPORT "jmvalin@jmvalin.ca"
| #define PACKAGE_URL ""
| /* end confdefs.h.  */
| #include <ac_nonexistent.h>
configure:3141: checking for grep that handles long lines and -e
configure:3199: result: /bin/grep
configure:3204: checking for egrep
configure:3266: result: /bin/grep -E
configure:3271: checking for ANSI C header files
configure:3291: gcc -c -g -O2  conftest.c >&5
configure:3291: $? = 0
configure:3364: gcc -o conftest.exe -g -O2   conftest.c  >&5
configure:3364: $? = 0
configure:3364: ./conftest.exe
configure:3364: $? = 0
configure:3375: result: yes
configure:3388: checking for sys/types.h
configure:3388: gcc -c -g -O2  conftest.c >&5
configure:3388: $? = 0
configure:3388: result: yes
configure:3388: checking for sys/stat.h
configure:3388: gcc -c -g -O2  conftest.c >&5
configure:3388: $? = 0
configure:3388: result: yes
configure:3388: checking for stdlib.h
configure:3388: gcc -c -g -O2  conftest.c >&5
configure:3388: $? = 0
configure:3388: result: yes
configure:3388: checking for string.h
configure:3388: gcc -c -g -O2  conftest.c >&5
configure:3388: $? = 0
configure:3388: result: yes
configure:3388: checking for memory.h
configure:3388: gcc -c -g -O2  conftest.c >&5
configure:3388: $? = 0
configure:3388: result: yes
configure:3388: checking for strings.h
configure:3388: gcc -c -g -O2  conftest.c >&5
configure:3388: $? = 0
configure:3388: result: yes
configure:3388: checking for inttypes.h
configure:3388: gcc -c -g -O2  conftest.c >&5
configure:3388: $? = 0
configure:3388: result: yes
configure:3388: checking for stdint.h
configure:3388: gcc -c -g -O2  conftest.c >&5
configure:3388: $? = 0
configure:3388: result: yes
configure:3388: checking for unistd.h
configure:3388: gcc -c -g -O2  conftest.c >&5
configure:3388: $? = 0
configure:3388: result: yes
configure:3401: checking minix/config.h usability
configure:3401: gcc -c -g -O2  conftest.c >&5
conftest.c:52:26: fatal error: minix/config.h: No such file or directory
 #include <minix/config.h>
                          ^
compilation terminated.
configure:3401: $? = 1
configure: failed program was:
| /* confdefs.h */
| #define PACKAGE_NAME "rnnoise"
| #define PACKAGE_TARNAME "rnnoise"
| #define PACKAGE_VERSION "unknown"
| #define PACKAGE_STRING "rnnoise unknown"
| #define PACKAGE_BUGREPORT "jmvalin@jmvalin.ca"
| #define PACKAGE_URL ""
| #define STDC_HEADERS 1
| #define HAVE_SYS_TYPES_H 1
| #define HAVE_SYS_STAT_H 1
| #define HAVE_STDLIB_H 1
| #define HAVE_STRING_H 1
| #define HAVE_MEMORY_H 1
| #define HAVE_STRINGS_H 1
| #define HAVE_INTTYPES_H 1
| #define HAVE_STDINT_H 1
| #define HAVE_UNISTD_H 1
| /* end confdefs.h.  */
| #include <stdio.h>
| #ifdef HAVE_SYS_TYPES_H
| # include <sys/types.h>
| #endif
| #ifdef HAVE_SYS_STAT_H
| # include <sys/stat.h>
| #endif
| #ifdef STDC_HEADERS
| # include <stdlib.h>
| # include <stddef.h>
| #else
| # ifdef HAVE_STDLIB_H
| #  include <stdlib.h>
| # endif
| #endif
| #ifdef HAVE_STRING_H
| # if !defined STDC_HEADERS && defined HAVE_MEMORY_H
| #  include <memory.h>
| # endif
| # include <string.h>
| #endif
| #ifdef HAVE_STRINGS_H
| # include <strings.h>
| #endif
| #ifdef HAVE_INTTYPES_H
| # include <inttypes.h>
| #endif
| #ifdef HAVE_STDINT_H
| # include <stdint.h>
| #endif
| #ifdef HAVE_UNISTD_H
| # include <unistd.h>
| #endif
| #include <minix/config.h>
configure:3401: result: no
configure:3401: checking minix/config.h presence
configure:3401: gcc -E  conftest.c
conftest.c:19:26: fatal error: minix/config.h: No such file or directory
 #include <minix/config.h>
                          ^
compilation terminated.
configure:3401: $? = 1
configure: failed program was:
| /* confdefs.h */
| #define PACKAGE_NAME "rnnoise"
| #define PACKAGE_TARNAME "rnnoise"
| #define PACKAGE_VERSION "unknown"
| #define PACKAGE_STRING "rnnoise unknown"
| #define PACKAGE_BUGREPORT "jmvalin@jmvalin.ca"
| #define PACKAGE_URL ""
| #define STDC_HEADERS 1
| #define HAVE_SYS_TYPES_H 1
| #define HAVE_SYS_STAT_H 1
| #define HAVE_STDLIB_H 1
| #define HAVE_STRING_H 1
| #define HAVE_MEMORY_H 1
| #define HAVE_STRINGS_H 1
| #define HAVE_INTTYPES_H 1
| #define HAVE_STDINT_H 1
| #define HAVE_UNISTD_H 1
| /* end confdefs.h.  */
| #include <minix/config.h>
configure:3401: result: no
configure:3401: checking for minix/config.h
configure:3401: result: no
configure:3422: checking whether it is safe to define __EXTENSIONS__
configure:3440: gcc -c -g -O2  conftest.c >&5
configure:3440: $? = 0
configure:3447: result: yes
configure:3468: checking for special C compiler options needed for large files
configure:3513: result: no
configure:3519: checking for _FILE_OFFSET_BITS value needed for large files
configure:3544: gcc -c -g -O2  conftest.c >&5
conftest.c:29:33: warning: left shift count >= width of type [-Wshift-count-overflow]
 #define LARGE_OFF_T (((off_t) 1 << 62) - 1 + ((off_t) 1 << 62))
                                 ^
conftest.c:30:23: note: in expansion of macro 'LARGE_OFF_T'
   int off_t_is_large[(LARGE_OFF_T % 2147483629 == 721
                       ^~~~~~~~~~~
conftest.c:29:57: warning: left shift count >= width of type [-Wshift-count-overflow]
 #define LARGE_OFF_T (((off_t) 1 << 62) - 1 + ((off_t) 1 << 62))
                                                         ^
conftest.c:30:23: note: in expansion of macro 'LARGE_OFF_T'
   int off_t_is_large[(LARGE_OFF_T % 2147483629 == 721
                       ^~~~~~~~~~~
conftest.c:29:33: warning: left shift count >= width of type [-Wshift-count-overflow]
 #define LARGE_OFF_T (((off_t) 1 << 62) - 1 + ((off_t) 1 << 62))
                                 ^
conftest.c:31:13: note: in expansion of macro 'LARGE_OFF_T'
          && LARGE_OFF_T % 2147483647 == 1)
             ^~~~~~~~~~~
conftest.c:29:57: warning: left shift count >= width of type [-Wshift-count-overflow]
 #define LARGE_OFF_T (((off_t) 1 << 62) - 1 + ((off_t) 1 << 62))
                                                         ^
conftest.c:31:13: note: in expansion of macro 'LARGE_OFF_T'
          && LARGE_OFF_T % 2147483647 == 1)
             ^~~~~~~~~~~
conftest.c:30:7: error: variably modified 'off_t_is_large' at file scope
   int off_t_is_large[(LARGE_OFF_T % 2147483629 == 721
       ^~~~~~~~~~~~~~
configure:3544: $? = 1
configure: failed program was:
| /* confdefs.h */
| #define PACKAGE_NAME "rnnoise"
| #define PACKAGE_TARNAME "rnnoise"
| #define PACKAGE_VERSION "unknown"
| #define PACKAGE_STRING "rnnoise unknown"
| #define PACKAGE_BUGREPORT "jmvalin@jmvalin.ca"
| #define PACKAGE_URL ""
| #define STDC_HEADERS 1
| #define HAVE_SYS_TYPES_H 1
| #define HAVE_SYS_STAT_H 1
| #define HAVE_STDLIB_H 1
| #define HAVE_STRING_H 1
| #define HAVE_MEMORY_H 1
| #define HAVE_STRINGS_H 1
| #define HAVE_INTTYPES_H 1
| #define HAVE_STDINT_H 1
| #define HAVE_UNISTD_H 1
| #define __EXTENSIONS__ 1
| #define _ALL_SOURCE 1
| #define _GNU_SOURCE 1
| #define _POSIX_PTHREAD_SEMANTICS 1
| #define _TANDEM_SOURCE 1
| /* end confdefs.h.  */
| #include <sys/types.h>
|  /* Check that off_t can represent 2**63 - 1 correctly.
|     We can't simply define LARGE_OFF_T to be 9223372036854775807,
|     since some C++ compilers masquerading as C compilers
|     incorrectly reject 9223372036854775807.  */
| #define LARGE_OFF_T (((off_t) 1 << 62) - 1 + ((off_t) 1 << 62))
|   int off_t_is_large[(LARGE_OFF_T % 2147483629 == 721
| 		       && LARGE_OFF_T % 2147483647 == 1)
| 		      ? 1 : -1];
| int
| main ()
| {
| 
|   ;
|   return 0;
| }
configure:3568: gcc -c -g -O2  conftest.c >&5
conftest.c:30:33: warning: left shift count >= width of type [-Wshift-count-overflow]
 #define LARGE_OFF_T (((off_t) 1 << 62) - 1 + ((off_t) 1 << 62))
                                 ^
conftest.c:31:23: note: in expansion of macro 'LARGE_OFF_T'
   int off_t_is_large[(LARGE_OFF_T % 2147483629 == 721
                       ^~~~~~~~~~~
conftest.c:30:57: warning: left shift count >= width of type [-Wshift-count-overflow]
 #define LARGE_OFF_T (((off_t) 1 << 62) - 1 + ((off_t) 1 << 62))
                                                         ^
conftest.c:31:23: note: in expansion of macro 'LARGE_OFF_T'
   int off_t_is_large[(LARGE_OFF_T % 2147483629 == 721
                       ^~~~~~~~~~~
conftest.c:30:33: warning: left shift count >= width of type [-Wshift-count-overflow]
 #define LARGE_OFF_T (((off_t) 1 << 62) - 1 + ((off_t) 1 << 62))
                                 ^
conftest.c:32:13: note: in expansion of macro 'LARGE_OFF_T'
          && LARGE_OFF_T % 2147483647 == 1)
             ^~~~~~~~~~~
conftest.c:30:57: warning: left shift count >= width of type [-Wshift-count-overflow]
 #define LARGE_OFF_T (((off_t) 1 << 62) - 1 + ((off_t) 1 << 62))
                                                         ^
conftest.c:32:13: note: in expansion of macro 'LARGE_OFF_T'
          && LARGE_OFF_T % 2147483647 == 1)
             ^~~~~~~~~~~
conftest.c:31:7: error: variably modified 'off_t_is_large' at file scope
   int off_t_is_large[(LARGE_OFF_T % 2147483629 == 721
       ^~~~~~~~~~~~~~
configure:3568: $? = 1
configure: failed program was:
| /* confdefs.h */
| #define PACKAGE_NAME "rnnoise"
| #define PACKAGE_TARNAME "rnnoise"
| #define PACKAGE_VERSION "unknown"
| #define PACKAGE_STRING "rnnoise unknown"
| #define PACKAGE_BUGREPORT "jmvalin@jmvalin.ca"
| #define PACKAGE_URL ""
| #define STDC_HEADERS 1
| #define HAVE_SYS_TYPES_H 1
| #define HAVE_SYS_STAT_H 1
| #define HAVE_STDLIB_H 1
| #define HAVE_STRING_H 1
| #define HAVE_MEMORY_H 1
| #define HAVE_STRINGS_H 1
| #define HAVE_INTTYPES_H 1
| #define HAVE_STDINT_H 1
| #define HAVE_UNISTD_H 1
| #define __EXTENSIONS__ 1
| #define _ALL_SOURCE 1
| #define _GNU_SOURCE 1
| #define _POSIX_PTHREAD_SEMANTICS 1
| #define _TANDEM_SOURCE 1
| /* end confdefs.h.  */
| #define _FILE_OFFSET_BITS 64
| #include <sys/types.h>
|  /* Check that off_t can represent 2**63 - 1 correctly.
|     We can't simply define LARGE_OFF_T to be 9223372036854775807,
|     since some C++ compilers masquerading as C compilers
|     incorrectly reject 9223372036854775807.  */
| #define LARGE_OFF_T (((off_t) 1 << 62) - 1 + ((off_t) 1 << 62))
|   int off_t_is_large[(LARGE_OFF_T % 2147483629 == 721
| 		       && LARGE_OFF_T % 2147483647 == 1)
| 		      ? 1 : -1];
| int
| main ()
| {
| 
|   ;
|   return 0;
| }
configure:3576: result: unknown
configure:3588: checking for _LARGE_FILES value needed for large files
configure:3613: gcc -c -g -O2  conftest.c >&5
conftest.c:29:33: warning: left shift count >= width of type [-Wshift-count-overflow]
 #define LARGE_OFF_T (((off_t) 1 << 62) - 1 + ((off_t) 1 << 62))
                                 ^
conftest.c:30:23: note: in expansion of macro 'LARGE_OFF_T'
   int off_t_is_large[(LARGE_OFF_T % 2147483629 == 721
                       ^~~~~~~~~~~
conftest.c:29:57: warning: left shift count >= width of type [-Wshift-count-overflow]
 #define LARGE_OFF_T (((off_t) 1 << 62) - 1 + ((off_t) 1 << 62))
                                                         ^
conftest.c:30:23: note: in expansion of macro 'LARGE_OFF_T'
   int off_t_is_large[(LARGE_OFF_T % 2147483629 == 721
                       ^~~~~~~~~~~
conftest.c:29:33: warning: left shift count >= width of type [-Wshift-count-overflow]
 #define LARGE_OFF_T (((off_t) 1 << 62) - 1 + ((off_t) 1 << 62))
                                 ^
conftest.c:31:13: note: in expansion of macro 'LARGE_OFF_T'
          && LARGE_OFF_T % 2147483647 == 1)
             ^~~~~~~~~~~
conftest.c:29:57: warning: left shift count >= width of type [-Wshift-count-overflow]
 #define LARGE_OFF_T (((off_t) 1 << 62) - 1 + ((off_t) 1 << 62))
                                                         ^
conftest.c:31:13: note: in expansion of macro 'LARGE_OFF_T'
          && LARGE_OFF_T % 2147483647 == 1)
             ^~~~~~~~~~~
conftest.c:30:7: error: variably modified 'off_t_is_large' at file scope
   int off_t_is_large[(LARGE_OFF_T % 2147483629 == 721
       ^~~~~~~~~~~~~~
configure:3613: $? = 1
configure: failed program was:
| /* confdefs.h */
| #define PACKAGE_NAME "rnnoise"
| #define PACKAGE_TARNAME "rnnoise"
| #define PACKAGE_VERSION "unknown"
| #define PACKAGE_STRING "rnnoise unknown"
| #define PACKAGE_BUGREPORT "jmvalin@jmvalin.ca"
| #define PACKAGE_URL ""
| #define STDC_HEADERS 1
| #define HAVE_SYS_TYPES_H 1
| #define HAVE_SYS_STAT_H 1
| #define HAVE_STDLIB_H 1
| #define HAVE_STRING_H 1
| #define HAVE_MEMORY_H 1
| #define HAVE_STRINGS_H 1
| #define HAVE_INTTYPES_H 1
| #define HAVE_STDINT_H 1
| #define HAVE_UNISTD_H 1
| #define __EXTENSIONS__ 1
| #define _ALL_SOURCE 1
| #define _GNU_SOURCE 1
| #define _POSIX_PTHREAD_SEMANTICS 1
| #define _TANDEM_SOURCE 1
| /* end confdefs.h.  */
| #include <sys/types.h>
|  /* Check that off_t can represent 2**63 - 1 correctly.
|     We can't simply define LARGE_OFF_T to be 9223372036854775807,
|     since some C++ compilers masquerading as C compilers
|     incorrectly reject 9223372036854775807.  */
| #define LARGE_OFF_T (((off_t) 1 << 62) - 1 + ((off_t) 1 << 62))
|   int off_t_is_large[(LARGE_OFF_T % 2147483629 == 721
| 		       && LARGE_OFF_T % 2147483647 == 1)
| 		      ? 1 : -1];
| int
| main ()
| {
| 
|   ;
|   return 0;
| }
configure:3637: gcc -c -g -O2  conftest.c >&5
conftest.c:30:33: warning: left shift count >= width of type [-Wshift-count-overflow]
 #define LARGE_OFF_T (((off_t) 1 << 62) - 1 + ((off_t) 1 << 62))
                                 ^
conftest.c:31:23: note: in expansion of macro 'LARGE_OFF_T'
   int off_t_is_large[(LARGE_OFF_T % 2147483629 == 721
                       ^~~~~~~~~~~
conftest.c:30:57: warning: left shift count >= width of type [-Wshift-count-overflow]
 #define LARGE_OFF_T (((off_t) 1 << 62) - 1 + ((off_t) 1 << 62))
                                                         ^
conftest.c:31:23: note: in expansion of macro 'LARGE_OFF_T'
   int off_t_is_large[(LARGE_OFF_T % 2147483629 == 721
                       ^~~~~~~~~~~
conftest.c:30:33: warning: left shift count >= width of type [-Wshift-count-overflow]
 #define LARGE_OFF_T (((off_t) 1 << 62) - 1 + ((off_t) 1 << 62))
                                 ^
conftest.c:32:13: note: in expansion of macro 'LARGE_OFF_T'
          && LARGE_OFF_T % 2147483647 == 1)
             ^~~~~~~~~~~
conftest.c:30:57: warning: left shift count >= width of type [-Wshift-count-overflow]
 #define LARGE_OFF_T (((off_t) 1 << 62) - 1 + ((off_t) 1 << 62))
                                                         ^
conftest.c:32:13: note: in expansion of macro 'LARGE_OFF_T'
          && LARGE_OFF_T % 2147483647 == 1)
             ^~~~~~~~~~~
conftest.c:31:7: error: variably modified 'off_t_is_large' at file scope
   int off_t_is_large[(LARGE_OFF_T % 2147483629 == 721
       ^~~~~~~~~~~~~~
configure:3637: $? = 1
configure: failed program was:
| /* confdefs.h */
| #define PACKAGE_NAME "rnnoise"
| #define PACKAGE_TARNAME "rnnoise"
| #define PACKAGE_VERSION "unknown"
| #define PACKAGE_STRING "rnnoise unknown"
| #define PACKAGE_BUGREPORT "jmvalin@jmvalin.ca"
| #define PACKAGE_URL ""
| #define STDC_HEADERS 1
| #define HAVE_SYS_TYPES_H 1
| #define HAVE_SYS_STAT_H 1
| #define HAVE_STDLIB_H 1
| #define HAVE_STRING_H 1
| #define HAVE_MEMORY_H 1
| #define HAVE_STRINGS_H 1
| #define HAVE_INTTYPES_H 1
| #define HAVE_STDINT_H 1
| #define HAVE_UNISTD_H 1
| #define __EXTENSIONS__ 1
| #define _ALL_SOURCE 1
| #define _GNU_SOURCE 1
| #define _POSIX_PTHREAD_SEMANTICS 1
| #define _TANDEM_SOURCE 1
| /* end confdefs.h.  */
| #define _LARGE_FILES 1
| #include <sys/types.h>
|  /* Check that off_t can represent 2**63 - 1 correctly.
|     We can't simply define LARGE_OFF_T to be 9223372036854775807,
|     since some C++ compilers masquerading as C compilers
|     incorrectly reject 9223372036854775807.  */
| #define LARGE_OFF_T (((off_t) 1 << 62) - 1 + ((off_t) 1 << 62))
|   int off_t_is_large[(LARGE_OFF_T % 2147483629 == 721
| 		       && LARGE_OFF_T % 2147483647 == 1)
| 		      ? 1 : -1];
| int
| main ()
| {
| 
|   ;
|   return 0;
| }
configure:3645: result: unknown
configure:3705: checking for a BSD-compatible install
configure:3773: result: /bin/install -c
configure:3784: checking whether build environment is sane
configure:3834: result: yes
configure:3975: checking for a thread-safe mkdir -p
configure:4014: result: /bin/mkdir -p
configure:4027: checking for gawk
configure:4043: found /bin/gawk
configure:4054: result: gawk
configure:4065: checking whether make sets $(MAKE)
configure:4087: result: yes
configure:4117: checking for style of include used by make
configure:4145: result: GNU
configure:4221: checking dependency style of gcc
configure:4331: result: gcc3
configure:4348: checking whether to disable maintainer-specific portions of Makefiles
configure:4357: result: yes
configure:4371: checking for inline
configure:4387: gcc -c -g -O2  conftest.c >&5
configure:4387: $? = 0
configure:4395: result: inline
configure:4443: checking build system type
configure:4457: result: i686-pc-mingw32
configure:4477: checking host system type
configure:4490: result: i686-pc-mingw32
configure:4531: checking how to print strings
configure:4558: result: printf
configure:4579: checking for a sed that does not truncate output
configure:4643: result: /bin/sed
configure:4661: checking for fgrep
configure:4723: result: /bin/grep -F
configure:4758: checking for ld used by gcc
configure:4825: result: e:/mingw/mingw32/bin/ld.exe
configure:4832: checking if the linker (e:/mingw/mingw32/bin/ld.exe) is GNU ld
configure:4847: result: yes
configure:4859: checking for BSD- or MS-compatible name lister (nm)
configure:4908: result: /mingw/bin/nm
configure:5038: checking the name lister (/mingw/bin/nm) interface
configure:5045: gcc -c -g -O2  conftest.c >&5
configure:5048: /mingw/bin/nm "conftest.o"
configure:5051: output
00000000 b .bss
00000000 d .data
00000000 N .debug_abbrev
00000000 N .debug_aranges
00000000 N .debug_info
00000000 N .debug_line
00000000 r .rdata$zzz
00000000 t .text
00000000 B _some_variable
configure:5058: result: BSD nm
configure:5061: checking whether ln -s works
configure:5068: result: no, using cp -p
configure:5073: checking the maximum length of command line arguments
configure:5198: result: 8192
configure:5215: checking whether the shell understands some XSI constructs
configure:5225: result: yes
configure:5229: checking whether the shell understands "+="
configure:5235: result: yes
configure:5270: checking how to convert i686-pc-mingw32 file names to i686-pc-mingw32 format
configure:5332: result: func_convert_file_msys_to_w32
configure:5339: checking how to convert i686-pc-mingw32 file names to toolchain format
configure:5359: result: func_convert_file_msys_to_w32
configure:5366: checking for e:/mingw/mingw32/bin/ld.exe option to reload object files
configure:5373: result: -r
configure:5447: checking for objdump
configure:5463: found /mingw/bin/objdump
configure:5474: result: objdump
configure:5506: checking how to recognize dependent libraries
configure:5708: result: file_magic ^x86 archive import|^x86 DLL
configure:5793: checking for dlltool
configure:5809: found /mingw/bin/dlltool
configure:5820: result: dlltool
configure:5853: checking how to associate runtime and link libraries
configure:5880: result: func_cygming_dll_for_implib
configure:5940: checking for ar
configure:5956: found /mingw/bin/ar
configure:5967: result: ar
configure:6004: checking for archiver @FILE support
configure:6021: gcc -c -g -O2  conftest.c >&5
configure:6021: $? = 0
configure:6024: ar cru libconftest.a @conftest.lst >&5
configure:6027: $? = 0
configure:6032: ar cru libconftest.a @conftest.lst >&5
E:\MinGW\bin\ar.exe: conftest.o: No such file or directory
configure:6035: $? = 1
configure:6047: result: @
configure:6105: checking for strip
configure:6121: found /mingw/bin/strip
configure:6132: result: strip
configure:6204: checking for ranlib
configure:6220: found /mingw/bin/ranlib
configure:6231: result: ranlib
configure:6333: checking command to parse /mingw/bin/nm output from gcc object
configure:6452: gcc -c -g -O2  conftest.c >&5
configure:6455: $? = 0
configure:6459: /mingw/bin/nm conftest.o \| sed -n -e 's/^.*[ ]\([ABCDGIRSTW][ABCDGIRSTW]*\)[ ][ ]*\([_A-Za-z][_A-Za-z0-9]*\)\{0,1\}$/\1 \2 \2/p' | sed '/ __gnu_lto/d' \> conftest.nm
configure:6462: $? = 0
cannot find nm_test_var in conftest.nm
configure:6452: gcc -c -g -O2  conftest.c >&5
configure:6455: $? = 0
configure:6459: /mingw/bin/nm conftest.o \| sed -n -e 's/^.*[ ]\([ABCDGIRSTW][ABCDGIRSTW]*\)[ ][ ]*_\([_A-Za-z][_A-Za-z0-9]*\)\{0,1\}$/\1 _\2 \2/p' | sed '/ __gnu_lto/d' \> conftest.nm
configure:6462: $? = 0
configure:6528: gcc -o conftest.exe -g -O2   conftest.c conftstm.o >&5
configure:6531: $? = 0
configure:6569: result: ok
configure:6606: checking for sysroot
configure:6636: result: no
configure:6879: checking for mt
configure:6909: result: no
configure:6929: checking if : is a manifest tool
configure:6935: : '-?'
configure:6943: result: no
configure:7572: checking for dlfcn.h
configure:7572: gcc -c -g -O2  conftest.c >&5
configure:7572: $? = 0
configure:7572: result: yes
configure:7759: checking for objdir
configure:7774: result: .libs
configure:8045: checking if gcc supports -fno-rtti -fno-exceptions
configure:8063: gcc -c -g -O2  -fno-rtti -fno-exceptions conftest.c >&5
cc1.exe: warning: command line option '-fno-rtti' is valid for C++/ObjC++ but not for C
configure:8067: $? = 0
configure:8080: result: no
configure:8390: checking for gcc option to produce PIC
configure:8397: result: -DDLL_EXPORT -DPIC
configure:8405: checking if gcc PIC flag -DDLL_EXPORT -DPIC works
configure:8423: gcc -c -g -O2  -DDLL_EXPORT -DPIC -DPIC conftest.c >&5
configure:8427: $? = 0
configure:8440: result: yes
configure:8469: checking if gcc static flag -static works
configure:8497: result: yes
configure:8512: checking if gcc supports -c -o file.o
configure:8533: gcc -c -g -O2  -o out/conftest2.o conftest.c >&5
configure:8537: $? = 0
configure:8559: result: yes
configure:8567: checking if gcc supports -c -o file.o
configure:8614: result: yes
configure:8647: checking whether the gcc linker (e:/mingw/mingw32/bin/ld.exe) supports shared libraries
configure:9805: result: yes
configure:9842: checking whether -lc should be explicitly linked in
configure:9850: gcc -c -g -O2  conftest.c >&5
configure:9853: $? = 0
configure:9868: gcc -shared conftest.o  -v -o ./conftest -Wl,--enable-auto-image-base -Xlinker --out-implib -Xlinker conftest 2\>\&1 \| /bin/grep  -lc  \>/dev/null 2\>\&1
configure:9871: $? = 1
configure:9885: result: yes
configure:10050: checking dynamic linker characteristics
configure:10792: result: Win32 ld.exe
configure:10899: checking how to hardcode library paths into programs
configure:10924: result: immediate
configure:11464: checking whether stripping libraries is possible
configure:11469: result: yes
configure:11504: checking if libtool supports shared libraries
configure:11506: result: yes
configure:11509: checking whether to build shared libraries
configure:11530: result: yes
configure:11533: checking whether to build static libraries
configure:11537: result: yes
configure:11602: checking if gcc supports -pedantic flag
configure:11617: gcc -o conftest.exe -g -O2 -pedantic   conftest.c  >&5
configure:11617: $? = 0
configure:11635: result: yes
configure:11602: checking if gcc supports -Wall flag
configure:11617: gcc -o conftest.exe -g -O2 -pedantic -Wall   conftest.c  >&5
configure:11617: $? = 0
configure:11635: result: yes
configure:11602: checking if gcc supports -Wextra flag
configure:11617: gcc -o conftest.exe -g -O2 -pedantic -Wall -Wextra   conftest.c  >&5
configure:11617: $? = 0
configure:11635: result: yes
configure:11602: checking if gcc supports -Wno-sign-compare flag
configure:11617: gcc -o conftest.exe -g -O2 -pedantic -Wall -Wextra -Wno-sign-compare   conftest.c  >&5
configure:11617: $? = 0
configure:11635: result: yes
configure:11602: checking if gcc supports -Wno-parentheses flag
configure:11617: gcc -o conftest.exe -g -O2 -pedantic -Wall -Wextra -Wno-sign-compare -Wno-parentheses   conftest.c  >&5
configure:11617: $? = 0
configure:11635: result: yes
configure:11602: checking if gcc supports -Wno-long-long flag
configure:11617: gcc -o conftest.exe -g -O2 -pedantic -Wall -Wextra -Wno-sign-compare -Wno-parentheses -Wno-long-long   conftest.c  >&5
configure:11617: $? = 0
configure:11635: result: yes
configure:11652: checking if gcc supports -U__STRICT_ANSI__ flag
configure:11667: gcc -o conftest.exe -g -O2 -pedantic -Wall -Wextra -Wno-sign-compare -Wno-parentheses -Wno-long-long -U__STRICT_ANSI__   conftest.c  >&5
configure:11667: $? = 0
configure:11685: result: yes
configure:11844: checking for cos in -lm
configure:11869: gcc -o conftest.exe -g -O2 -pedantic -Wall -Wextra -Wno-sign-compare -Wno-parentheses -Wno-long-long -U__STRICT_ANSI__   conftest.c -lm   >&5
conftest.c:35:6: warning: conflicting types for built-in function 'cos'
 char cos ();
      ^~~
configure:11869: $? = 0
configure:11878: result: yes
configure:11892: checking for gcc way to treat warnings as errors
configure:11907: gcc -o conftest.exe -g -O2 -pedantic -Wall -Wextra -Wno-sign-compare -Wno-parentheses -Wno-long-long -U__STRICT_ANSI__ -Werror   conftest.c  >&5
configure:11907: $? = 0
configure:11952: result: -Werror
configure:11958: checking if gcc supports __attribute__(( visibility("default") ))
configure:11969: gcc -c -g -O2 -pedantic -Wall -Wextra -Wno-sign-compare -Wno-parentheses -Wno-long-long -U__STRICT_ANSI__ -Werror  conftest.c >&5
configure:11969: $? = 0
configure:11978: result: yes
configure:11988: checking if gcc supports -fvisibility=hidden
configure:12005: gcc -o conftest.exe -g -O2 -pedantic -Wall -Wextra -Wno-sign-compare -Wno-parentheses -Wno-long-long -U__STRICT_ANSI__ -Werror -fvisibility=hidden   conftest.c  >&5
configure:12005: $? = 0
configure:12025: result: yes
configure:12053: checking for doxygen
configure:12081: result: no
configure:12091: checking for dot
configure:12119: result: no
configure:12293: creating ./config.status

## ---------------------- ##
## Running config.status. ##
## ---------------------- ##

This file was extended by rnnoise config.status unknown, which was
generated by GNU Autoconf 2.68.  Invocation command line was

  CONFIG_FILES    = 
  CONFIG_HEADERS  = 
  CONFIG_LINKS    = 
  CONFIG_COMMANDS = 
  $ ./config.status 

on DESKTOP-CD1BC91

config.status:1128: creating Makefile
config.status:1128: creating rnnoise.pc
config.status:1128: creating rnnoise-uninstalled.pc
config.status:1128: creating doc/Doxyfile
config.status:1128: creating config.h
config.status:1357: executing depfiles commands
config.status:1357: executing libtool commands
configure:14547:
------------------------------------------------------------------------
  rnnoise unknown: Automatic configuration OK.

    Assertions ................... no

    Hidden visibility ............ yes

    API code examples ............ yes
    API documentation ............ yes
------------------------------------------------------------------------


## ---------------- ##
## Cache variables. ##
## ---------------- ##

ac_cv_build=i686-pc-mingw32
ac_cv_c_compiler_gnu=yes
ac_cv_c_inline=inline
ac_cv_env_CC_set=
ac_cv_env_CC_value=
ac_cv_env_CFLAGS_set=
ac_cv_env_CFLAGS_value=
ac_cv_env_CPPFLAGS_set=
ac_cv_env_CPPFLAGS_value=
ac_cv_env_CPP_set=
ac_cv_env_CPP_value=
ac_cv_env_LDFLAGS_set=
ac_cv_env_LDFLAGS_value=
ac_cv_env_LIBS_set=
ac_cv_env_LIBS_value=
ac_cv_env_build_alias_set=
ac_cv_env_build_alias_value=
ac_cv_env_host_alias_set=
ac_cv_env_host_alias_value=
ac_cv_env_target_alias_set=
ac_cv_env_target_alias_value=
ac_cv_exeext=.exe
ac_cv_header_dlfcn_h=yes
ac_cv_header_inttypes_h=yes
ac_cv_header_memory_h=yes
ac_cv_header_minix_config_h=no
ac_cv_header_stdc=yes
ac_cv_header_stdint_h=yes
ac_cv_header_stdlib_h=yes
ac_cv_header_string_h=yes
ac_cv_header_strings_h=yes
ac_cv_header_sys_stat_h=yes
ac_cv_header_sys_types_h=yes
ac_cv_header_unistd_h=yes
ac_cv_host=i686-pc-mingw32
ac_cv_lib_m_cos=yes
ac_cv_objext=o
ac_cv_path_EGREP='/bin/grep -E'
ac_cv_path_FGREP='/bin/grep -F'
ac_cv_path_GREP=/bin/grep
ac_cv_path_SED=/bin/sed
ac_cv_path_install='/bin/install -c'
ac_cv_path_mkdir=/bin/mkdir
ac_cv_prog_AWK=gawk
ac_cv_prog_CPP='gcc -E'
ac_cv_prog_HAVE_DOT=no
ac_cv_prog_HAVE_DOXYGEN=no
ac_cv_prog_ac_ct_AR=ar
ac_cv_prog_ac_ct_CC=gcc
ac_cv_prog_ac_ct_DLLTOOL=dlltool
ac_cv_prog_ac_ct_OBJDUMP=objdump
ac_cv_prog_ac_ct_RANLIB=ranlib
ac_cv_prog_ac_ct_STRIP=strip
ac_cv_prog_cc_c89=
ac_cv_prog_cc_g=yes
ac_cv_prog_make_make_set=yes
ac_cv_safe_to_define___extensions__=yes
ac_cv_sys_file_offset_bits=unknown
ac_cv_sys_large_files=unknown
ac_cv_sys_largefile_CC=no
am_cv_CC_dependencies_compiler_type=gcc3
cc_cv_attribute_visibility_default=yes
cc_cv_cflags__U__STRICT_ANSI__=yes
cc_cv_cflags__Wall=yes
cc_cv_cflags__Werror=yes
cc_cv_cflags__Wextra=yes
cc_cv_cflags__Wno_long_long=yes
cc_cv_cflags__Wno_parentheses=yes
cc_cv_cflags__Wno_sign_compare=yes
cc_cv_cflags__fvisibility_hidden=yes
cc_cv_cflags__pedantic=yes
cc_cv_flag_visibility=yes
cc_cv_werror=-Werror
lt_cv_ar_at_file=@
lt_cv_archive_cmds_need_lc=yes
lt_cv_deplibs_check_method='file_magic ^x86 archive import|^x86 DLL'
lt_cv_file_magic_cmd=func_win32_libid
lt_cv_file_magic_test_file=
lt_cv_ld_reload_flag=-r
lt_cv_nm_interface='BSD nm'
lt_cv_objdir=.libs
lt_cv_path_LD=e:/mingw/mingw32/bin/ld.exe
lt_cv_path_NM=/mingw/bin/nm
lt_cv_path_mainfest_tool=no
lt_cv_prog_compiler_c_o=yes
lt_cv_prog_compiler_pic='-DDLL_EXPORT -DPIC'
lt_cv_prog_compiler_pic_works=yes
lt_cv_prog_compiler_rtti_exceptions=no
lt_cv_prog_compiler_static_works=yes
lt_cv_prog_gnu_ld=yes
lt_cv_sharedlib_from_linklib_cmd=func_cygming_dll_for_implib
lt_cv_sys_global_symbol_pipe='sed -n -e '\''s/^.*[	 ]\([ABCDGIRSTW][ABCDGIRSTW]*\)[	 ][	 ]*_\([_A-Za-z][_A-Za-z0-9]*\)\{0,1\}$/\1 _\2 \2/p'\'' | sed '\''/ __gnu_lto/d'\'''
lt_cv_sys_global_symbol_to_c_name_address='sed -n -e '\''s/^: \([^ ]*\)[ ]*$/  {\"\1\", (void *) 0},/p'\'' -e '\''s/^[ABCDGIRSTW]* \([^ ]*\) \([^ ]*\)$/  {"\2", (void *) \&\2},/p'\'''
lt_cv_sys_global_symbol_to_c_name_address_lib_prefix='sed -n -e '\''s/^: \([^ ]*\)[ ]*$/  {\"\1\", (void *) 0},/p'\'' -e '\''s/^[ABCDGIRSTW]* \([^ ]*\) \(lib[^ ]*\)$/  {"\2", (void *) \&\2},/p'\'' -e '\''s/^[ABCDGIRSTW]* \([^ ]*\) \([^ ]*\)$/  {"lib\2", (void *) \&\2},/p'\'''
lt_cv_sys_global_symbol_to_cdecl='sed -n -e '\''s/^T .* \(.*\)$/extern int \1();/p'\'' -e '\''s/^[ABCDGIRSTW]* .* \(.*\)$/extern char \1;/p'\'''
lt_cv_sys_max_cmd_len=8192
lt_cv_to_host_file_cmd=func_convert_file_msys_to_w32
lt_cv_to_tool_file_cmd=func_convert_file_msys_to_w32

## ----------------- ##
## Output variables. ##
## ----------------- ##

ACLOCAL='${SHELL} /e/rnnoise_windows/missing --run aclocal-1.11'
AMDEPBACKSLASH='\'
AMDEP_FALSE='#'
AMDEP_TRUE=''
AMTAR='${SHELL} /e/rnnoise_windows/missing --run tar'
AM_BACKSLASH='\'
AM_DEFAULT_VERBOSITY='0'
AR='ar'
AUTOCONF='${SHELL} /e/rnnoise_windows/missing --run autoconf'
AUTOHEADER='${SHELL} /e/rnnoise_windows/missing --run autoheader'
AUTOMAKE='${SHELL} /e/rnnoise_windows/missing --run automake-1.11'
AWK='gawk'
CC='gcc'
CCDEPMODE='depmode=gcc3'
CFLAGS='-g -O2 -pedantic -Wall -Wextra -Wno-sign-compare -Wno-parentheses -Wno-long-long -U__STRICT_ANSI__ -fvisibility=hidden'
CPP='gcc -E'
CPPFLAGS=''
CYGPATH_W='echo'
DEFS='-DHAVE_CONFIG_H'
DEPDIR='.deps'
DLLTOOL='dlltool'
DSYMUTIL=''
DUMPBIN=''
ECHO_C=''
ECHO_N='-n'
ECHO_T=''
EGREP='/bin/grep -E'
EXEEXT='.exe'
FGREP='/bin/grep -F'
GREP='/bin/grep'
HAVE_DOT='no'
HAVE_DOXYGEN='no'
HAVE_DOXYGEN_FALSE=''
HAVE_DOXYGEN_TRUE='#'
INSTALL_DATA='${INSTALL} -m 644'
INSTALL_PROGRAM='${INSTALL}'
INSTALL_SCRIPT='${INSTALL}'
INSTALL_STRIP_PROGRAM='$(install_sh) -c -s'
LD='e:/mingw/mingw32/bin/ld.exe'
LDFLAGS=''
LIBM='-lm'
LIBOBJS=''
LIBS=''
LIBTOOL='$(SHELL) $(top_builddir)/libtool'
LIPO=''
LN_S='cp -p'
LTLIBOBJS=''
MAINT=''
MAINTAINER_MODE_FALSE='#'
MAINTAINER_MODE_TRUE=''
MAKEINFO='${SHELL} /e/rnnoise_windows/missing --run makeinfo'
MANIFEST_TOOL=':'
MKDIR_P='/bin/mkdir -p'
NM='/mingw/bin/nm'
NMEDIT=''
OBJDUMP='objdump'
OBJEXT='o'
OP_ENABLE_EXAMPLES_FALSE='#'
OP_ENABLE_EXAMPLES_TRUE=''
OP_LT_AGE='4'
OP_LT_CURRENT='4'
OP_LT_REVISION='1'
OP_WIN32_FALSE='#'
OP_WIN32_TRUE=''
OTOOL64=''
OTOOL=''
PACKAGE='rnnoise'
PACKAGE_BUGREPORT='jmvalin@jmvalin.ca'
PACKAGE_NAME='rnnoise'
PACKAGE_STRING='rnnoise unknown'
PACKAGE_TARNAME='rnnoise'
PACKAGE_URL=''
PACKAGE_VERSION='unknown'
PATH_SEPARATOR=':'
RANLIB='ranlib'
SED='/bin/sed'
SET_MAKE=''
SHELL='/bin/sh'
STRIP='strip'
VERSION='unknown'
ac_ct_AR='ar'
ac_ct_CC='gcc'
ac_ct_DUMPBIN=''
am__EXEEXT_FALSE='#'
am__EXEEXT_TRUE=''
am__fastdepCC_FALSE='#'
am__fastdepCC_TRUE=''
am__include='include'
am__isrc=''
am__leading_dot='.'
am__quote=''
am__tar='${AMTAR} chof - "$$tardir"'
am__untar='${AMTAR} xf -'
bindir='${exec_prefix}/bin'
build='i686-pc-mingw32'
build_alias=''
build_cpu='i686'
build_os='mingw32'
build_vendor='pc'
datadir='${datarootdir}'
datarootdir='${prefix}/share'
docdir='${datarootdir}/doc/${PACKAGE_TARNAME}'
dvidir='${docdir}'
exec_prefix='${prefix}'
host='i686-pc-mingw32'
host_alias=''
host_cpu='i686'
host_os='mingw32'
host_vendor='pc'
htmldir='${docdir}'
includedir='${prefix}/include'
infodir='${datarootdir}/info'
install_sh='${SHELL} /e/rnnoise_windows/install-sh'
libdir='${exec_prefix}/lib'
libexecdir='${exec_prefix}/libexec'
localedir='${datarootdir}/locale'
localstatedir='${prefix}/var'
lrintf_lib=''
mandir='${datarootdir}/man'
mkdir_p='/bin/mkdir -p'
oldincludedir='/usr/include'
pdfdir='${docdir}'
prefix='/usr/local'
program_transform_name='s,x,x,'
psdir='${docdir}'
sbindir='${exec_prefix}/sbin'
sharedstatedir='${prefix}/com'
sysconfdir='${prefix}/etc'
target_alias=''

## ----------- ##
## confdefs.h. ##
## ----------- ##

/* confdefs.h */
#define PACKAGE_NAME "rnnoise"
#define PACKAGE_TARNAME "rnnoise"
#define PACKAGE_VERSION "unknown"
#define PACKAGE_STRING "rnnoise unknown"
#define PACKAGE_BUGREPORT "jmvalin@jmvalin.ca"
#define PACKAGE_URL ""
#define STDC_HEADERS 1
#define HAVE_SYS_TYPES_H 1
#define HAVE_SYS_STAT_H 1
#define HAVE_STDLIB_H 1
#define HAVE_STRING_H 1
#define HAVE_MEMORY_H 1
#define HAVE_STRINGS_H 1
#define HAVE_INTTYPES_H 1
#define HAVE_STDINT_H 1
#define HAVE_UNISTD_H 1
#define __EXTENSIONS__ 1
#define _ALL_SOURCE 1
#define _GNU_SOURCE 1
#define _POSIX_PTHREAD_SEMANTICS 1
#define _TANDEM_SOURCE 1
#define HAVE_DLFCN_H 1
#define LT_OBJDIR ".libs/"
#define RNNOISE_BUILD /**/
#define _WIN32_WINNT 0x501
#define SUPPORT_ATTRIBUTE_VISIBILITY_DEFAULT 1
#define SUPPORT_FLAG_VISIBILITY 1

configure: exit 0
